<?xml version="1.0" encoding="UTF-8"?>
<!-- Generated by org.testng.reporters.JUnitReportReporter -->
<testsuite skipped="0" hostname="acer-PC" name="bbpack.Newpack" tests="3" failures="0" timestamp="2020-01-17T02:01:50 IST" time="0.029" errors="0">
  <testcase name="testthree" time="0.002" classname="bbpack.Newpack"/>
  <testcase name="testone" time="0.025" classname="bbpack.Newpack"/>
  <testcase name="testtwo" time="0.002" classname="bbpack.Newpack"/>
</testsuite> <!-- bbpack.Newpack -->
